2022-06-09T13:07:38,722 - CPUUtilization.Percent:18.8|#Level:Host|#hostname:DESKTOP-7GSK822,timestamp:1654794458
2022-06-09T13:07:38,736 - DiskAvailable.Gigabytes:56.788089752197266|#Level:Host|#hostname:DESKTOP-7GSK822,timestamp:1654794458
2022-06-09T13:07:38,740 - DiskUsage.Gigabytes:408.3720359802246|#Level:Host|#hostname:DESKTOP-7GSK822,timestamp:1654794458
2022-06-09T13:07:38,741 - DiskUtilization.Percent:87.8|#Level:Host|#hostname:DESKTOP-7GSK822,timestamp:1654794458
2022-06-09T13:07:38,742 - GPUMemoryUtilization.Percent:24.462890625|#Level:Host,device_id:0|#hostname:DESKTOP-7GSK822,timestamp:1654794458
2022-06-09T13:07:38,743 - GPUMemoryUsed.Megabytes:2004|#Level:Host,device_id:0|#hostname:DESKTOP-7GSK822,timestamp:1654794458
2022-06-09T13:07:38,743 - GPUUtilization.Percent:5|#Level:Host,device_id:0|#hostname:DESKTOP-7GSK822,timestamp:1654794458
2022-06-09T13:07:38,744 - MemoryAvailable.Megabytes:8872.59375|#Level:Host|#hostname:DESKTOP-7GSK822,timestamp:1654794458
2022-06-09T13:07:38,745 - MemoryUsed.Megabytes:23846.1953125|#Level:Host|#hostname:DESKTOP-7GSK822,timestamp:1654794458
2022-06-09T13:07:38,746 - MemoryUtilization.Percent:72.9|#Level:Host|#hostname:DESKTOP-7GSK822,timestamp:1654794458
2022-06-09T13:09:47,754 - CPUUtilization.Percent:0.0|#Level:Host|#hostname:DESKTOP-7GSK822,timestamp:1654794587
2022-06-09T13:09:47,757 - DiskAvailable.Gigabytes:56.77547073364258|#Level:Host|#hostname:DESKTOP-7GSK822,timestamp:1654794587
2022-06-09T13:09:47,760 - DiskUsage.Gigabytes:408.3846549987793|#Level:Host|#hostname:DESKTOP-7GSK822,timestamp:1654794587
2022-06-09T13:09:47,762 - DiskUtilization.Percent:87.8|#Level:Host|#hostname:DESKTOP-7GSK822,timestamp:1654794587
2022-06-09T13:09:47,762 - GPUMemoryUtilization.Percent:24.40185546875|#Level:Host,device_id:0|#hostname:DESKTOP-7GSK822,timestamp:1654794587
2022-06-09T13:09:47,763 - GPUMemoryUsed.Megabytes:1999|#Level:Host,device_id:0|#hostname:DESKTOP-7GSK822,timestamp:1654794587
2022-06-09T13:09:47,765 - GPUUtilization.Percent:5|#Level:Host,device_id:0|#hostname:DESKTOP-7GSK822,timestamp:1654794587
2022-06-09T13:09:47,766 - MemoryAvailable.Megabytes:8874.9609375|#Level:Host|#hostname:DESKTOP-7GSK822,timestamp:1654794587
2022-06-09T13:09:47,768 - MemoryUsed.Megabytes:23843.828125|#Level:Host|#hostname:DESKTOP-7GSK822,timestamp:1654794587
2022-06-09T13:09:47,768 - MemoryUtilization.Percent:72.9|#Level:Host|#hostname:DESKTOP-7GSK822,timestamp:1654794587
2022-06-09T13:19:36,990 - CPUUtilization.Percent:0.0|#Level:Host|#hostname:DESKTOP-7GSK822,timestamp:1654795176
2022-06-09T13:19:36,992 - DiskAvailable.Gigabytes:56.76459884643555|#Level:Host|#hostname:DESKTOP-7GSK822,timestamp:1654795176
2022-06-09T13:19:36,996 - DiskUsage.Gigabytes:408.3955268859863|#Level:Host|#hostname:DESKTOP-7GSK822,timestamp:1654795176
2022-06-09T13:19:36,997 - DiskUtilization.Percent:87.8|#Level:Host|#hostname:DESKTOP-7GSK822,timestamp:1654795176
2022-06-09T13:19:36,999 - GPUMemoryUtilization.Percent:24.8046875|#Level:Host,device_id:0|#hostname:DESKTOP-7GSK822,timestamp:1654795176
2022-06-09T13:19:37,000 - GPUMemoryUsed.Megabytes:2032|#Level:Host,device_id:0|#hostname:DESKTOP-7GSK822,timestamp:1654795176
2022-06-09T13:19:37,001 - GPUUtilization.Percent:6|#Level:Host,device_id:0|#hostname:DESKTOP-7GSK822,timestamp:1654795176
2022-06-09T13:19:37,002 - MemoryAvailable.Megabytes:9178.27734375|#Level:Host|#hostname:DESKTOP-7GSK822,timestamp:1654795176
2022-06-09T13:19:37,004 - MemoryUsed.Megabytes:23540.51171875|#Level:Host|#hostname:DESKTOP-7GSK822,timestamp:1654795176
2022-06-09T13:19:37,010 - MemoryUtilization.Percent:71.9|#Level:Host|#hostname:DESKTOP-7GSK822,timestamp:1654795176
2022-06-09T13:19:37,532 - W-9000-license_plate_1.0.ms:5991|#Level:Host|#hostname:DESKTOP-7GSK822,timestamp:1654795177
2022-06-09T13:19:37,534 - WorkerThreadTime.ms:49|#Level:Host|#hostname:DESKTOP-7GSK822,timestamp:1654795177
2022-06-09T13:20:36,996 - CPUUtilization.Percent:0.0|#Level:Host|#hostname:DESKTOP-7GSK822,timestamp:1654795236
2022-06-09T13:20:36,997 - DiskAvailable.Gigabytes:56.76445770263672|#Level:Host|#hostname:DESKTOP-7GSK822,timestamp:1654795236
2022-06-09T13:20:37,001 - DiskUsage.Gigabytes:408.39566802978516|#Level:Host|#hostname:DESKTOP-7GSK822,timestamp:1654795236
2022-06-09T13:20:37,004 - DiskUtilization.Percent:87.8|#Level:Host|#hostname:DESKTOP-7GSK822,timestamp:1654795236
2022-06-09T13:20:37,006 - GPUMemoryUtilization.Percent:25.20751953125|#Level:Host,device_id:0|#hostname:DESKTOP-7GSK822,timestamp:1654795236
2022-06-09T13:20:37,007 - GPUMemoryUsed.Megabytes:2065|#Level:Host,device_id:0|#hostname:DESKTOP-7GSK822,timestamp:1654795236
2022-06-09T13:20:37,009 - GPUUtilization.Percent:8|#Level:Host,device_id:0|#hostname:DESKTOP-7GSK822,timestamp:1654795236
2022-06-09T13:20:37,010 - MemoryAvailable.Megabytes:9199.02734375|#Level:Host|#hostname:DESKTOP-7GSK822,timestamp:1654795236
2022-06-09T13:20:37,011 - MemoryUsed.Megabytes:23519.76171875|#Level:Host|#hostname:DESKTOP-7GSK822,timestamp:1654795236
2022-06-09T13:20:37,012 - MemoryUtilization.Percent:71.9|#Level:Host|#hostname:DESKTOP-7GSK822,timestamp:1654795236
2022-06-09T13:21:36,943 - CPUUtilization.Percent:50.0|#Level:Host|#hostname:DESKTOP-7GSK822,timestamp:1654795296
2022-06-09T13:21:36,944 - DiskAvailable.Gigabytes:56.76271057128906|#Level:Host|#hostname:DESKTOP-7GSK822,timestamp:1654795296
2022-06-09T13:21:36,950 - DiskUsage.Gigabytes:408.3974151611328|#Level:Host|#hostname:DESKTOP-7GSK822,timestamp:1654795296
2022-06-09T13:21:36,951 - DiskUtilization.Percent:87.8|#Level:Host|#hostname:DESKTOP-7GSK822,timestamp:1654795296
2022-06-09T13:21:36,951 - GPUMemoryUtilization.Percent:24.91455078125|#Level:Host,device_id:0|#hostname:DESKTOP-7GSK822,timestamp:1654795296
2022-06-09T13:21:36,953 - GPUMemoryUsed.Megabytes:2041|#Level:Host,device_id:0|#hostname:DESKTOP-7GSK822,timestamp:1654795296
2022-06-09T13:21:36,953 - GPUUtilization.Percent:17|#Level:Host,device_id:0|#hostname:DESKTOP-7GSK822,timestamp:1654795296
2022-06-09T13:21:36,954 - MemoryAvailable.Megabytes:9027.91015625|#Level:Host|#hostname:DESKTOP-7GSK822,timestamp:1654795296
2022-06-09T13:21:36,955 - MemoryUsed.Megabytes:23690.87890625|#Level:Host|#hostname:DESKTOP-7GSK822,timestamp:1654795296
2022-06-09T13:21:36,956 - MemoryUtilization.Percent:72.4|#Level:Host|#hostname:DESKTOP-7GSK822,timestamp:1654795296
2022-06-09T13:22:36,950 - CPUUtilization.Percent:33.3|#Level:Host|#hostname:DESKTOP-7GSK822,timestamp:1654795356
2022-06-09T13:22:36,951 - DiskAvailable.Gigabytes:56.763248443603516|#Level:Host|#hostname:DESKTOP-7GSK822,timestamp:1654795356
2022-06-09T13:22:36,952 - DiskUsage.Gigabytes:408.39687728881836|#Level:Host|#hostname:DESKTOP-7GSK822,timestamp:1654795356
2022-06-09T13:22:36,952 - DiskUtilization.Percent:87.8|#Level:Host|#hostname:DESKTOP-7GSK822,timestamp:1654795356
2022-06-09T13:22:36,953 - GPUMemoryUtilization.Percent:25.146484375|#Level:Host,device_id:0|#hostname:DESKTOP-7GSK822,timestamp:1654795356
2022-06-09T13:22:36,953 - GPUMemoryUsed.Megabytes:2060|#Level:Host,device_id:0|#hostname:DESKTOP-7GSK822,timestamp:1654795356
2022-06-09T13:22:36,953 - GPUUtilization.Percent:5|#Level:Host,device_id:0|#hostname:DESKTOP-7GSK822,timestamp:1654795356
2022-06-09T13:22:36,954 - MemoryAvailable.Megabytes:8842.234375|#Level:Host|#hostname:DESKTOP-7GSK822,timestamp:1654795356
2022-06-09T13:22:36,954 - MemoryUsed.Megabytes:23876.5546875|#Level:Host|#hostname:DESKTOP-7GSK822,timestamp:1654795356
2022-06-09T13:22:36,954 - MemoryUtilization.Percent:73.0|#Level:Host|#hostname:DESKTOP-7GSK822,timestamp:1654795356
2022-06-09T13:23:05,817 - CPUUtilization.Percent:0.0|#Level:Host|#hostname:DESKTOP-7GSK822,timestamp:1654795385
2022-06-09T13:23:05,818 - DiskAvailable.Gigabytes:56.73401641845703|#Level:Host|#hostname:DESKTOP-7GSK822,timestamp:1654795385
2022-06-09T13:23:05,821 - DiskUsage.Gigabytes:408.42610931396484|#Level:Host|#hostname:DESKTOP-7GSK822,timestamp:1654795385
2022-06-09T13:23:05,822 - DiskUtilization.Percent:87.8|#Level:Host|#hostname:DESKTOP-7GSK822,timestamp:1654795385
2022-06-09T13:23:05,824 - GPUMemoryUtilization.Percent:24.8291015625|#Level:Host,device_id:0|#hostname:DESKTOP-7GSK822,timestamp:1654795385
2022-06-09T13:23:05,824 - GPUMemoryUsed.Megabytes:2034|#Level:Host,device_id:0|#hostname:DESKTOP-7GSK822,timestamp:1654795385
2022-06-09T13:23:05,825 - GPUUtilization.Percent:4|#Level:Host,device_id:0|#hostname:DESKTOP-7GSK822,timestamp:1654795385
2022-06-09T13:23:05,826 - MemoryAvailable.Megabytes:10219.1796875|#Level:Host|#hostname:DESKTOP-7GSK822,timestamp:1654795385
2022-06-09T13:23:05,828 - MemoryUsed.Megabytes:22499.609375|#Level:Host|#hostname:DESKTOP-7GSK822,timestamp:1654795385
2022-06-09T13:23:05,829 - MemoryUtilization.Percent:68.8|#Level:Host|#hostname:DESKTOP-7GSK822,timestamp:1654795385
2022-06-09T13:23:06,246 - W-9000-license_plate_1.0.ms:5557|#Level:Host|#hostname:DESKTOP-7GSK822,timestamp:1654795386
2022-06-09T13:23:06,248 - WorkerThreadTime.ms:39|#Level:Host|#hostname:DESKTOP-7GSK822,timestamp:1654795386
